<?xml version="1.0" encoding="UTF-8"?>
<testng-results ignored="0" total="2" passed="2" failed="0" skipped="0">
  <reporter-output>
  </reporter-output>
  <suite started-at="2026-04-08T16:54:39 IST" name="Surefire suite" finished-at="2026-04-08T16:54:42 IST" duration-ms="2864">
    <groups>
    </groups>
    <test started-at="2026-04-08T16:54:39 IST" name="Surefire test" finished-at="2026-04-08T16:54:42 IST" duration-ms="2864">
      <class name="com.test.AuthTest">
        <test-method signature="postUser(org.testng.ITestContext)[pri:1, instance:com.test.AuthTest@290d210d]" started-at="2026-04-08T16:54:39 IST" name="postUser" finished-at="2026-04-08T16:54:42 IST" duration-ms="2582" status="PASS">
          <params>
            <param index="0">
              <value>
                <![CDATA[org.testng.TestRunner@7b9a4292]]>
              </value>
            </param>
          </params>
          <reporter-output>
          </reporter-output>
        </test-method> <!-- postUser -->
        <test-method signature="getLogin(org.testng.ITestContext)[pri:0, instance:com.test.AuthTest@290d210d]" started-at="2026-04-08T16:54:42 IST" name="getLogin" finished-at="2026-04-08T16:54:42 IST" depends-on-methods="com.test.AuthTest.postUser" duration-ms="234" status="PASS">
          <params>
            <param index="0">
              <value>
                <![CDATA[org.testng.TestRunner@7b9a4292]]>
              </value>
            </param>
          </params>
          <reporter-output>
          </reporter-output>
        </test-method> <!-- getLogin -->
      </class> <!-- com.test.AuthTest -->
    </test> <!-- Surefire test -->
  </suite> <!-- Surefire suite -->
</testng-results>
