<?xml version="1.0" encoding="UTF-8"?>
<testsuite xmlns:xsi="http://www.w3.org/2001/XMLSchema-instance" xsi:noNamespaceSchemaLocation="https://maven.apache.org/surefire/maven-surefire-plugin/xsd/surefire-test-report-3.0.xsd" version="3.0" name="TestSuite" time="5.609" tests="2" errors="0" skipped="0" failures="0">
  <properties>
[...]
</properties>
  <testcase name="postUser[org.testng.TestRunner@7b9a4292](1)" classname="com.test.AuthTest" time="4.771">
    <system-out><![CDATA[

Running post user 

201
Token: eyJhbGciOiJIUzI1NiIsInR5cCI6IkpXVCJ9.eyJ1c2VySWQiOjMxNTQsImVtYWlsIjoiOTA5NTk1QGV4YW1wbGUuY29tIiwiaWF0IjoxNzc1NjU3ODM0LCJleHAiOjE3NzYyNjI2MzR9.4JNQBOUcytboBYihthPZAtWKfUJ7vYT109cmNmNXl1g

]]></system-out>
    <system-err><![CDATA[SLF4J: Failed to load class "org.slf4j.impl.StaticLoggerBinder".
SLF4J: Defaulting to no-operation (NOP) logger implementation
SLF4J: See http://www.slf4j.org/codes.html#StaticLoggerBinder for further details.
]]></system-err>
  </testcase>
  <testcase name="getLogin[org.testng.TestRunner@7b9a4292](1)" classname="com.test.AuthTest" time="0.334">
    <system-out><![CDATA[Running get Login 

userID 3154
Authentication is good 
]]></system-out>
  </testcase>
</testsuite>